<?xml version="1.0" encoding="UTF-8"?>
<!-- Generated by org.testng.reporters.JUnitXMLReporter -->
<testsuite hostname="CAGTAM1074143" name="SouthWest" tests="3" failures="0" timestamp="3 Feb 2018 03:06:00 GMT" time="21.003" errors="0">
  <testcase name="testEnrollment" time="4.651" classname="com.southwest.www.E2ETests.TS2_Enroolment"/>
  <testcase name="testLogin" time="4.305" classname="com.southwest.www.E2ETests.TS1_NegativeLogin"/>
  <testcase name="testFlightSearch" time="5.962" classname="com.southwest.www.E2ETests.TS3_FlightSearch"/>
</testsuite> <!-- SouthWest -->
